[debug] [2025-01-02T17:46:12.231Z] ----------------------------------------------------------------------
[debug] [2025-01-02T17:46:12.234Z] Command:       C:\Program Files\nodejs\node.exe C:\Users\RAJ ENTERPRISES\AppData\Roaming\npm\node_modules\firebase-tools\lib\bin\firebase.js init
[debug] [2025-01-02T17:46:12.235Z] CLI Version:   13.29.1
[debug] [2025-01-02T17:46:12.235Z] Platform:      win32
[debug] [2025-01-02T17:46:12.235Z] Node Version:  v20.17.0
[debug] [2025-01-02T17:46:12.235Z] Time:          Thu Jan 02 2025 23:16:12 GMT+0530 (India Standard Time)
[debug] [2025-01-02T17:46:12.235Z] ----------------------------------------------------------------------
[debug] 
[debug] [2025-01-02T17:46:12.310Z] > command requires scopes: ["email","openid","https://www.googleapis.com/auth/cloudplatformprojects.readonly","https://www.googleapis.com/auth/firebase","https://www.googleapis.com/auth/cloud-platform"]
[debug] [2025-01-02T17:46:12.311Z] > authorizing via signed-in user (prince12841sharma@gmail.com)
[info] 
     ######## #### ########  ######## ########     ###     ######  ########
     ##        ##  ##     ## ##       ##     ##  ##   ##  ##       ##
     ######    ##  ########  ######   ########  #########  ######  ######
     ##        ##  ##    ##  ##       ##     ## ##     ##       ## ##
     ##       #### ##     ## ######## ########  ##     ##  ######  ########

You're about to initialize a Firebase project in this directory:

  D:\firebase-chat-app-master\firebase-chat-app-master

Before we get started, keep in mind:

  * You are initializing within an existing Firebase project directory

